Flow report for UARTCommunication7Seg
Tue Mar 03 19:12:51 2026
Quartus Prime Version 20.1.1 Build 720 11/11/2020 SJ Lite Edition


---------------------
; Table of Contents ;
---------------------
  1. Legal Notice
  2. Flow Summary
  3. Flow Settings
  4. Flow Non-Default Global Settings
  5. Flow Elapsed Time
  6. Flow OS Summary
  7. Flow Log
  8. Flow Messages
  9. Flow Suppressed Messages



----------------
; Legal Notice ;
----------------
Copyright (C) 2020  Intel Corporation. All rights reserved.
Your use of Intel Corporation's design tools, logic functions 
and other software and tools, and any partner logic 
functions, and any output files from any of the foregoing 
(including device programming or simulation files), and any 
associated documentation or information are expressly subject 
to the terms and conditions of the Intel Program License 
Subscription Agreement, the Intel Quartus Prime License Agreement,
the Intel FPGA IP License Agreement, or other applicable license
agreement, including, without limitation, that your use is for
the sole purpose of programming logic devices manufactured by
Intel and sold by Intel or its authorized distributors.  Please
refer to the applicable agreement for further details, at
https://fpgasoftware.intel.com/eula.



+-------------------------------------------------------------------------------+
; Flow Summary                                                                  ;
+---------------------------------+---------------------------------------------+
; Flow Status                     ; Successful - Tue Mar 03 19:12:45 2026       ;
; Quartus Prime Version           ; 20.1.1 Build 720 11/11/2020 SJ Lite Edition ;
; Revision Name                   ; UARTCommunication7Seg                       ;
; Top-level Entity Name           ; uart_controller                             ;
; Family                          ; Cyclone V                                   ;
; Device                          ; 5CGXFC5C6F27C7                              ;
; Timing Models                   ; Final                                       ;
; Logic utilization (in ALMs)     ; 46 / 29,080 ( < 1 % )                       ;
; Total registers                 ; 79                                          ;
; Total pins                      ; 40 / 364 ( 11 % )                           ;
; Total virtual pins              ; 0                                           ;
; Total block memory bits         ; 0 / 4,567,040 ( 0 % )                       ;
; Total DSP Blocks                ; 0 / 150 ( 0 % )                             ;
; Total HSSI RX PCSs              ; 0 / 6 ( 0 % )                               ;
; Total HSSI PMA RX Deserializers ; 0 / 6 ( 0 % )                               ;
; Total HSSI TX PCSs              ; 0 / 6 ( 0 % )                               ;
; Total HSSI PMA TX Serializers   ; 0 / 6 ( 0 % )                               ;
; Total PLLs                      ; 0 / 12 ( 0 % )                              ;
; Total DLLs                      ; 0 / 4 ( 0 % )                               ;
+---------------------------------+---------------------------------------------+


+-------------------------------------------+
; Flow Settings                             ;
+-------------------+-----------------------+
; Option            ; Setting               ;
+-------------------+-----------------------+
; Start date & time ; 03/03/2026 19:11:59   ;
; Main task         ; Compilation           ;
; Revision Name     ; UARTCommunication7Seg ;
+-------------------+-----------------------+


+-------------------------------------------------------------------------------------------------------------------------------------+
; Flow Non-Default Global Settings                                                                                                    ;
+-------------------------------------+----------------------------------------+-----------------------+-----------------+------------+
; Assignment Name                     ; Value                                  ; Default Value         ; Entity Name     ; Section Id ;
+-------------------------------------+----------------------------------------+-----------------------+-----------------+------------+
; COMPILER_SIGNATURE_ID               ; 1099177136169.177255791946144          ; --                    ; --              ; --         ;
; MAX_CORE_JUNCTION_TEMP              ; 85                                     ; --                    ; --              ; --         ;
; MIN_CORE_JUNCTION_TEMP              ; 0                                      ; --                    ; --              ; --         ;
; PARTITION_COLOR                     ; -- (Not supported for targeted family) ; --                    ; uart_controller ; Top        ;
; PARTITION_FITTER_PRESERVATION_LEVEL ; -- (Not supported for targeted family) ; --                    ; uart_controller ; Top        ;
; PARTITION_NETLIST_TYPE              ; -- (Not supported for targeted family) ; --                    ; uart_controller ; Top        ;
; PROJECT_OUTPUT_DIRECTORY            ; output_files                           ; --                    ; --              ; --         ;
; TOP_LEVEL_ENTITY                    ; uart_controller                        ; UARTCommunication7Seg ; --              ; --         ;
+-------------------------------------+----------------------------------------+-----------------------+-----------------+------------+


+--------------------------------------------------------------------------------------------------------------------------+
; Flow Elapsed Time                                                                                                        ;
+----------------------+--------------+-------------------------+---------------------+------------------------------------+
; Module Name          ; Elapsed Time ; Average Processors Used ; Peak Virtual Memory ; Total CPU Time (on all processors) ;
+----------------------+--------------+-------------------------+---------------------+------------------------------------+
; Analysis & Synthesis ; 00:00:09     ; 1.0                     ; 4855 MB             ; 00:00:19                           ;
; Fitter               ; 00:00:30     ; 1.0                     ; 6446 MB             ; 00:00:44                           ;
; Assembler            ; 00:00:05     ; 1.0                     ; 4850 MB             ; 00:00:05                           ;
; Timing Analyzer      ; 00:00:05     ; 1.1                     ; 5160 MB             ; 00:00:06                           ;
; Total                ; 00:00:49     ; --                      ; --                  ; 00:01:14                           ;
+----------------------+--------------+-------------------------+---------------------+------------------------------------+


+------------------------------------------------------------------------------------+
; Flow OS Summary                                                                    ;
+----------------------+------------------+------------+------------+----------------+
; Module Name          ; Machine Hostname ; OS Name    ; OS Version ; Processor type ;
+----------------------+------------------+------------+------------+----------------+
; Analysis & Synthesis ; LAPTOP-L5VQ5POK  ; Windows 10 ; 10.0       ; x86_64         ;
; Fitter               ; LAPTOP-L5VQ5POK  ; Windows 10 ; 10.0       ; x86_64         ;
; Assembler            ; LAPTOP-L5VQ5POK  ; Windows 10 ; 10.0       ; x86_64         ;
; Timing Analyzer      ; LAPTOP-L5VQ5POK  ; Windows 10 ; 10.0       ; x86_64         ;
+----------------------+------------------+------------+------------+----------------+


------------
; Flow Log ;
------------
quartus_map --read_settings_files=on --write_settings_files=off UARTCommunication7Seg -c UARTCommunication7Seg
quartus_fit --read_settings_files=off --write_settings_files=off UARTCommunication7Seg -c UARTCommunication7Seg
quartus_asm --read_settings_files=off --write_settings_files=off UARTCommunication7Seg -c UARTCommunication7Seg
quartus_sta UARTCommunication7Seg -c UARTCommunication7Seg



